2025-12-19 14:00:03,515 - src.data_loader - INFO - Starting synthetic data generation...
2025-12-19 14:00:03,680 - src.data_loader - INFO - Data generation complete.
2025-12-19 14:00:03,682 - src.data_loader - INFO - Loading existing data...
2025-12-19 14:00:07,305 - src.data_loader - INFO - Loading existing data...
2025-12-19 14:00:07,318 - src.recommender - INFO - Training models...
2025-12-19 14:00:09,803 - src.recommender - INFO - Training complete.
2025-12-19 14:00:09,803 - src.recommender - INFO - Generating personalized recommendations for user 1
2025-12-19 14:00:09,809 - src.recommender - INFO - Generating content recommendations for user 1
2025-12-19 14:00:44,518 - src.data_loader - INFO - Loading existing data...
2025-12-19 14:00:44,540 - src.recommender - INFO - Training models...
2025-12-19 14:00:50,153 - src.recommender - INFO - Training complete.
2025-12-19 14:00:50,162 - src.recommender - INFO - Generating popularity recommendations for user None
2025-12-19 14:02:23,549 - src.recommender - INFO - Generating popularity recommendations for user None
2025-12-19 14:02:24,708 - src.recommender - INFO - Generating personalized recommendations for user 1
2025-12-19 14:02:24,796 - src.recommender - INFO - Generating popularity recommendations for user 1
2025-12-19 14:02:24,852 - src.recommender - INFO - Generating content recommendations for user 1
2025-12-19 14:04:38,885 - src.data_loader - INFO - Loading existing data...
2025-12-19 14:04:38,911 - src.recommender - INFO - Training models...
2025-12-19 14:04:44,060 - src.recommender - INFO - Training complete.
2025-12-19 14:04:44,067 - src.recommender - INFO - Generating popularity recommendations for user None
2025-12-19 14:04:53,596 - src.recommender - INFO - Generating popularity recommendations for user None
2025-12-19 14:04:53,880 - src.recommender - INFO - Generating personalized recommendations for user 1
2025-12-19 14:04:53,949 - src.recommender - INFO - Generating popularity recommendations for user 1
2025-12-19 14:04:53,996 - src.recommender - INFO - Generating content recommendations for user 1
2025-12-19 14:05:24,802 - src.recommender - INFO - Generating personalized recommendations for user 1
2025-12-19 14:05:24,868 - src.recommender - INFO - Logging interaction: User 1 -> Item 40 (click)
2025-12-19 14:05:24,916 - src.recommender - INFO - Generating popularity recommendations for user 1
2025-12-19 14:05:24,995 - src.recommender - INFO - Generating content recommendations for user 1
2025-12-19 14:05:29,385 - src.recommender - INFO - Generating personalized recommendations for user 1
2025-12-19 14:05:29,436 - src.recommender - INFO - Logging interaction: User 1 -> Item 40 (click)
2025-12-19 14:05:29,473 - src.recommender - INFO - Generating popularity recommendations for user 1
2025-12-19 14:05:29,533 - src.recommender - INFO - Generating content recommendations for user 1
2025-12-19 14:05:31,259 - src.recommender - INFO - Generating personalized recommendations for user 1
2025-12-19 14:05:31,305 - src.recommender - INFO - Logging interaction: User 1 -> Item 1 (click)
2025-12-19 14:05:31,323 - src.recommender - INFO - Generating popularity recommendations for user 1
2025-12-19 14:05:31,371 - src.recommender - INFO - Generating content recommendations for user 1
2025-12-19 14:06:42,840 - src.recommender - INFO - Generating personalized recommendations for user 1
2025-12-19 14:06:42,899 - src.recommender - INFO - Logging interaction: User 1 -> Item 1 (order)
2025-12-19 14:06:42,923 - src.recommender - INFO - Generating popularity recommendations for user 1
2025-12-19 14:06:42,977 - src.recommender - INFO - Generating content recommendations for user 1
2025-12-19 14:06:47,674 - src.recommender - INFO - Generating personalized recommendations for user 1
2025-12-19 14:06:47,735 - src.recommender - INFO - Generating popularity recommendations for user 1
2025-12-19 14:06:47,794 - src.recommender - INFO - Generating content recommendations for user 1
2025-12-19 14:06:48,521 - src.recommender - INFO - Generating personalized recommendations for user 1
2025-12-19 14:06:48,571 - src.recommender - INFO - Logging interaction: User 1 -> Item 1 (rating)
2025-12-19 14:06:48,588 - src.recommender - INFO - Generating popularity recommendations for user 1
2025-12-19 14:06:48,649 - src.recommender - INFO - Generating content recommendations for user 1
2025-12-19 14:06:58,064 - src.recommender - INFO - Generating popularity recommendations for user None
2025-12-19 14:07:07,352 - src.recommender - INFO - Generating popularity recommendations for user None
2025-12-19 14:07:07,619 - src.recommender - INFO - Generating personalized recommendations for user 1
2025-12-19 14:07:07,675 - src.recommender - INFO - Generating popularity recommendations for user 1
2025-12-19 14:07:07,723 - src.recommender - INFO - Generating content recommendations for user 1
2025-12-19 14:09:22,425 - src.data_loader - INFO - Starting synthetic data generation...
2025-12-19 14:09:22,580 - src.data_loader - INFO - Data generation complete.
2025-12-19 14:09:22,584 - src.recommender - INFO - Training models...
2025-12-19 14:09:27,371 - src.recommender - INFO - Training complete.
2025-12-19 14:09:27,378 - src.recommender - INFO - Generating popularity recommendations for user None
2025-12-19 14:10:16,645 - src.recommender - INFO - Generating popularity recommendations for user None
2025-12-19 14:10:16,939 - src.recommender - INFO - Generating personalized recommendations for user 1
2025-12-19 14:10:16,998 - src.recommender - INFO - Generating popularity recommendations for user 1
2025-12-19 14:10:17,045 - src.recommender - INFO - Generating content recommendations for user 1
2025-12-19 14:10:32,315 - src.recommender - INFO - Generating personalized recommendations for user 1
2025-12-19 14:10:32,338 - src.recommender - INFO - Logging interaction: User 1 -> Item 42 (click)
2025-12-19 14:10:32,412 - src.recommender - INFO - Generating popularity recommendations for user 1
2025-12-19 14:10:32,483 - src.recommender - INFO - Generating content recommendations for user 1
2025-12-19 14:10:36,197 - src.recommender - INFO - Generating personalized recommendations for user 1
2025-12-19 14:10:36,229 - src.recommender - INFO - Logging interaction: User 1 -> Item 15 (click)
2025-12-19 14:10:36,276 - src.recommender - INFO - Generating popularity recommendations for user 1
2025-12-19 14:10:36,348 - src.recommender - INFO - Generating content recommendations for user 1
2025-12-19 14:10:39,444 - src.recommender - INFO - Generating personalized recommendations for user 1
2025-12-19 14:10:39,461 - src.recommender - INFO - Logging interaction: User 1 -> Item 42 (order)
2025-12-19 14:10:39,521 - src.recommender - INFO - Generating popularity recommendations for user 1
2025-12-19 14:10:39,574 - src.recommender - INFO - Generating content recommendations for user 1
2025-12-19 14:10:42,256 - src.recommender - INFO - Generating personalized recommendations for user 1
2025-12-19 14:10:42,286 - src.recommender - INFO - Logging interaction: User 1 -> Item 42 (rating)
2025-12-19 14:10:42,341 - src.recommender - INFO - Generating popularity recommendations for user 1
2025-12-19 14:10:42,399 - src.recommender - INFO - Generating content recommendations for user 1
2025-12-19 14:10:47,802 - src.recommender - INFO - Generating popularity recommendations for user None
2025-12-19 14:13:18,043 - src.data_loader - INFO - Loading existing data...
2025-12-19 14:13:18,066 - src.recommender - INFO - Training models...
2025-12-19 14:13:23,107 - src.recommender - INFO - Training complete.
2025-12-19 14:13:23,114 - src.recommender - INFO - Generating popularity recommendations for user None
2025-12-19 14:13:32,394 - src.recommender - INFO - Generating popularity recommendations for user None
2025-12-19 14:13:38,926 - src.recommender - INFO - Generating personalized recommendations for user 1
2025-12-19 14:13:39,002 - src.recommender - INFO - Generating popularity recommendations for user 1
2025-12-19 14:13:39,197 - src.recommender - INFO - Generating content recommendations for user 1
2025-12-19 14:13:45,224 - src.recommender - INFO - Generating personalized recommendations for user 1
2025-12-19 14:13:45,296 - src.recommender - INFO - Logging interaction: User 1 -> Item 43 (click)
2025-12-19 14:13:45,315 - src.recommender - INFO - Interaction persisted to C:\Users\abdurrahman\Desktop\rs_project\data\raw\interactions.csv
2025-12-19 14:13:45,321 - src.recommender - INFO - Generating popularity recommendations for user 1
2025-12-19 14:13:45,390 - src.recommender - INFO - Generating content recommendations for user 1
2025-12-19 14:13:53,063 - src.recommender - INFO - Generating personalized recommendations for user 1
2025-12-19 14:13:53,081 - src.recommender - INFO - Logging interaction: User 1 -> Item 4 (click)
2025-12-19 14:13:53,097 - src.recommender - INFO - Interaction persisted to C:\Users\abdurrahman\Desktop\rs_project\data\raw\interactions.csv
2025-12-19 14:13:53,162 - src.recommender - INFO - Generating popularity recommendations for user 1
2025-12-19 14:13:53,214 - src.recommender - INFO - Generating content recommendations for user 1
2025-12-19 14:13:55,185 - src.recommender - INFO - Generating personalized recommendations for user 1
2025-12-19 14:13:55,241 - src.recommender - INFO - Logging interaction: User 1 -> Item 43 (order)
2025-12-19 14:13:55,251 - src.recommender - INFO - Interaction persisted to C:\Users\abdurrahman\Desktop\rs_project\data\raw\interactions.csv
2025-12-19 14:13:55,256 - src.recommender - INFO - Generating popularity recommendations for user 1
2025-12-19 14:13:55,318 - src.recommender - INFO - Generating content recommendations for user 1
2025-12-19 14:13:58,429 - src.recommender - INFO - Generating personalized recommendations for user 1
2025-12-19 14:13:58,497 - src.recommender - INFO - Logging interaction: User 1 -> Item 43 (rating)
2025-12-19 14:13:58,507 - src.recommender - INFO - Interaction persisted to C:\Users\abdurrahman\Desktop\rs_project\data\raw\interactions.csv
2025-12-19 14:13:58,510 - src.recommender - INFO - Generating popularity recommendations for user 1
2025-12-19 14:13:58,574 - src.recommender - INFO - Generating content recommendations for user 1
2025-12-19 14:40:41,992 - src.data_loader - INFO - Loading existing data...
2025-12-19 14:40:42,028 - src.recommender - INFO - Training models...
2025-12-19 14:40:44,959 - src.recommender - INFO - Model saved to C:\Users\abdurrahman\Desktop\rs_project\src\models\saved\ncf_model.pth
2025-12-19 14:40:44,959 - src.recommender - INFO - Training complete.
2025-12-19 14:40:44,964 - src.recommender - INFO - Generating popularity recommendations for user None
2025-12-19 14:40:51,299 - src.recommender - INFO - Generating popularity recommendations for user None
2025-12-19 14:40:51,520 - src.recommender - INFO - Generating personalized recommendations for user 1
2025-12-19 14:40:51,563 - src.recommender - INFO - Generating popularity recommendations for user 1
2025-12-19 14:40:51,591 - src.recommender - INFO - Generating content recommendations for user 1
2025-12-19 14:41:05,840 - src.recommender - INFO - Generating personalized recommendations for user 1
2025-12-19 14:41:05,851 - src.recommender - INFO - Logging interaction: User 1 -> Item 26 (click)
2025-12-19 14:41:05,869 - src.recommender - INFO - Interaction persisted to C:\Users\abdurrahman\Desktop\rs_project\data\raw\interactions.csv
2025-12-19 14:41:05,898 - src.recommender - INFO - Generating popularity recommendations for user 1
2025-12-19 14:41:05,933 - src.recommender - INFO - Generating content recommendations for user 1
2025-12-19 14:41:09,506 - src.recommender - INFO - Generating personalized recommendations for user 1
2025-12-19 14:41:09,514 - src.recommender - INFO - Logging interaction: User 1 -> Item 26 (order)
2025-12-19 14:41:09,519 - src.recommender - INFO - Interaction persisted to C:\Users\abdurrahman\Desktop\rs_project\data\raw\interactions.csv
2025-12-19 14:41:09,541 - src.recommender - INFO - Generating popularity recommendations for user 1
2025-12-19 14:41:09,567 - src.recommender - INFO - Generating content recommendations for user 1
2025-12-19 14:41:15,842 - src.recommender - INFO - Generating personalized recommendations for user 1
2025-12-19 14:41:15,869 - src.recommender - INFO - Generating popularity recommendations for user 1
2025-12-19 14:41:15,895 - src.recommender - INFO - Generating content recommendations for user 1
2025-12-19 14:41:17,286 - src.recommender - INFO - Generating personalized recommendations for user 1
2025-12-19 14:41:17,297 - src.recommender - INFO - Logging interaction: User 1 -> Item 26 (rating)
2025-12-19 14:41:17,303 - src.recommender - INFO - Interaction persisted to C:\Users\abdurrahman\Desktop\rs_project\data\raw\interactions.csv
2025-12-19 14:41:17,322 - src.recommender - INFO - Generating popularity recommendations for user 1
2025-12-19 14:41:17,350 - src.recommender - INFO - Generating content recommendations for user 1
2025-12-19 14:43:34,656 - src.data_loader - INFO - Loading existing data...
2025-12-19 14:43:34,667 - src.recommender - INFO - Training models...
2025-12-19 14:43:36,931 - src.recommender - INFO - Model saved to C:\Users\abdurrahman\Desktop\rs_project\src\models\saved\ncf_model.pth
2025-12-19 14:43:36,932 - src.recommender - INFO - Training complete.
2025-12-19 14:43:36,936 - src.recommender - INFO - Generating popularity recommendations for user None
2025-12-19 14:44:27,618 - src.recommender - INFO - Generating popularity recommendations for user None
2025-12-19 14:44:29,410 - src.recommender - INFO - Generating personalized recommendations for user 1
2025-12-19 14:44:29,441 - src.recommender - INFO - Generating popularity recommendations for user 1
2025-12-19 14:44:29,470 - src.recommender - INFO - Generating content recommendations for user 1
2025-12-19 14:46:44,671 - src.data_loader - INFO - Loading existing data...
2025-12-19 14:46:44,679 - src.recommender - INFO - Training models...
2025-12-19 14:46:44,688 - src.data_loader - INFO - Saved processed dataset to C:\Users\abdurrahman\Desktop\rs_project\data\processed\dataset.pt
2025-12-19 14:46:46,862 - src.recommender - INFO - Model saved to C:\Users\abdurrahman\Desktop\rs_project\src\models\saved\ncf_model.pth
2025-12-19 14:46:46,862 - src.recommender - INFO - Training complete.
2025-12-19 14:46:46,866 - src.recommender - INFO - Generating popularity recommendations for user None
2025-12-19 14:49:13,173 - src.data_loader - INFO - Loading existing data...
2025-12-19 14:49:13,182 - src.recommender - INFO - Training models...
2025-12-19 14:49:13,189 - src.data_loader - INFO - Saved processed dataset to C:\Users\abdurrahman\Desktop\rs_project\data\processed\dataset.pt
2025-12-19 14:49:15,612 - src.recommender - INFO - Model saved to C:\Users\abdurrahman\Desktop\rs_project\src\models\saved\ncf_model.pth
2025-12-19 14:49:15,612 - src.recommender - INFO - Training complete.
2025-12-19 14:49:15,616 - src.recommender - INFO - Generating popularity recommendations for user None
2025-12-19 15:05:33,746 - src.data_loader - INFO - Loading existing data...
2025-12-19 15:05:33,756 - src.recommender - INFO - Training models...
2025-12-19 15:05:33,767 - src.data_loader - INFO - Saved processed dataset to C:\Users\abdurrahman\Desktop\rs_project\data\processed\dataset.pt
2025-12-19 15:05:36,440 - src.recommender - INFO - Model saved to C:\Users\abdurrahman\Desktop\rs_project\src\models\saved\ncf_model.pth
2025-12-19 15:05:36,440 - src.recommender - INFO - Training complete.
2025-12-19 15:05:36,445 - src.recommender - INFO - Generating popularity recommendations for user None
2025-12-19 15:05:40,246 - src.recommender - INFO - Generating popularity recommendations for user None
2025-12-19 15:05:41,710 - src.recommender - INFO - Generating popularity recommendations for user None
2025-12-19 15:05:43,627 - src.recommender - INFO - Generating popularity recommendations for user None
2025-12-19 15:05:48,219 - src.recommender - INFO - Generating popularity recommendations for user None
2025-12-19 15:05:55,911 - src.recommender - INFO - Generating popularity recommendations for user None
2025-12-19 15:05:57,072 - src.recommender - INFO - Generating personalized recommendations for user 1
2025-12-19 15:05:57,104 - src.recommender - INFO - Generating popularity recommendations for user 1
2025-12-19 15:05:57,133 - src.recommender - INFO - Generating content recommendations for user 1
2025-12-19 15:06:02,020 - src.recommender - INFO - Generating personalized recommendations for user 1
2025-12-19 15:06:02,031 - src.recommender - INFO - Logging interaction: User 1 -> Item 12 (rating)
2025-12-19 15:06:02,039 - src.recommender - INFO - Interaction persisted to C:\Users\abdurrahman\Desktop\rs_project\data\raw\interactions.csv
2025-12-19 15:06:02,060 - src.recommender - INFO - Generating popularity recommendations for user 1
2025-12-19 15:06:02,089 - src.recommender - INFO - Generating content recommendations for user 1
2025-12-19 18:11:48,632 - src.data_loader - INFO - Starting synthetic data generation...
2025-12-19 18:11:48,767 - src.data_loader - INFO - Data generation complete.
2025-12-19 18:11:48,769 - src.data_loader - INFO - Loading existing data...
2025-12-19 18:11:51,134 - src.data_loader - INFO - Loading existing data...
2025-12-19 18:11:51,142 - src.recommender - INFO - Training models...
2025-12-19 18:11:51,152 - src.data_loader - INFO - Saved processed dataset to C:\Users\abdurrahman\Desktop\rs_project\data\processed\dataset.pt
2025-12-19 18:11:52,732 - src.recommender - INFO - Model saved to C:\Users\abdurrahman\Desktop\rs_project\src\models\saved\ncf_model.pth
2025-12-19 18:11:52,732 - src.recommender - INFO - Training complete.
2025-12-19 18:11:52,733 - src.recommender - INFO - Generating personalized recommendations for user 1
2025-12-19 18:11:52,736 - src.recommender - INFO - Generating content recommendations for user 1
2025-12-19 18:11:52,741 - src.data_loader - INFO - Loading existing data...
2025-12-19 18:11:52,749 - src.recommender - INFO - Training models...
2025-12-19 18:11:52,755 - src.data_loader - INFO - Saved processed dataset to C:\Users\abdurrahman\Desktop\rs_project\data\processed\dataset.pt
2025-12-19 18:11:54,261 - src.recommender - INFO - Model saved to C:\Users\abdurrahman\Desktop\rs_project\src\models\saved\ncf_model.pth
2025-12-19 18:11:54,261 - src.recommender - INFO - Training complete.
2025-12-19 18:13:25,176 - src.data_loader - INFO - Loading existing data...
2025-12-19 18:13:25,193 - src.recommender - INFO - Training models...
2025-12-19 18:13:25,204 - src.data_loader - INFO - Saved processed dataset to C:\Users\abdurrahman\Desktop\rs_project\data\processed\dataset.pt
2025-12-19 18:13:28,190 - src.recommender - INFO - Model saved to C:\Users\abdurrahman\Desktop\rs_project\src\models\saved\ncf_model.pth
2025-12-19 18:13:28,191 - src.recommender - INFO - Training complete.
2025-12-19 18:13:28,196 - src.recommender - INFO - Generating popularity recommendations for user None
2025-12-19 18:13:36,004 - src.recommender - INFO - Generating popularity recommendations for user None
2025-12-19 18:13:40,056 - src.recommender - INFO - Generating popularity recommendations for user None
2025-12-19 18:15:32,502 - src.data_loader - INFO - Loading existing data...
2025-12-19 18:15:32,514 - src.recommender - INFO - Training models...
2025-12-19 18:15:32,527 - src.data_loader - INFO - Saved processed dataset to C:\Users\abdurrahman\Desktop\rs_project\data\processed\dataset.pt
2025-12-19 18:15:35,866 - src.recommender - INFO - Model saved to C:\Users\abdurrahman\Desktop\rs_project\src\models\saved\ncf_model.pth
2025-12-19 18:15:35,866 - src.recommender - INFO - Training complete.
2025-12-19 18:15:35,872 - src.recommender - INFO - Generating popularity recommendations for user None
2025-12-19 18:15:43,427 - src.recommender - INFO - Generating popularity recommendations for user None
2025-12-19 18:27:04,680 - src.data_loader - INFO - Loading existing data...
2025-12-19 18:27:04,693 - src.recommender - INFO - Training models...
2025-12-19 18:27:04,705 - src.data_loader - INFO - Saved processed dataset to C:\Users\abdurrahman\Desktop\rs_project\data\processed\dataset.pt
2025-12-19 18:27:07,638 - src.recommender - INFO - Model saved to C:\Users\abdurrahman\Desktop\rs_project\src\models\saved\ncf_model.pth
2025-12-19 18:27:07,639 - src.recommender - INFO - Training complete.
2025-12-19 18:27:07,643 - src.recommender - INFO - Generating popularity recommendations for user None
2025-12-19 18:27:13,859 - src.recommender - INFO - Generating popularity recommendations for user None
2025-12-19 18:29:23,857 - src.recommender - INFO - Generating personalized recommendations for user 3
2025-12-19 18:29:23,897 - src.recommender - INFO - Generating popularity recommendations for user 3
2025-12-19 18:29:23,929 - src.recommender - INFO - Generating content recommendations for user 3
2025-12-19 18:35:40,481 - src.data_loader - INFO - Starting synthetic data generation...
2025-12-19 18:35:40,579 - src.data_loader - INFO - Data generation complete.
2025-12-19 18:35:40,581 - src.data_loader - INFO - Loading existing data...
2025-12-19 18:35:42,676 - src.data_loader - INFO - Loading existing data...
2025-12-19 18:35:42,683 - src.recommender - INFO - Training models...
2025-12-19 18:35:42,709 - src.data_loader - INFO - Saved processed dataset to C:\Users\abdurrahman\Desktop\rs_project\data\processed\dataset.pt
2025-12-19 18:35:43,957 - src.recommender - INFO - Model saved to C:\Users\abdurrahman\Desktop\rs_project\src\models\saved\ncf_model.pth
2025-12-19 18:35:43,958 - src.recommender - INFO - Training complete.
2025-12-19 18:35:43,958 - src.recommender - INFO - Generating personalized recommendations for user 1
2025-12-19 18:35:43,961 - src.recommender - INFO - Generating content recommendations for user 1
2025-12-19 18:35:43,965 - src.data_loader - INFO - Loading existing data...
2025-12-19 18:35:43,974 - src.recommender - INFO - Training models...
2025-12-19 18:35:43,983 - src.data_loader - INFO - Saved processed dataset to C:\Users\abdurrahman\Desktop\rs_project\data\processed\dataset.pt
2025-12-19 18:35:45,528 - src.recommender - INFO - Model saved to C:\Users\abdurrahman\Desktop\rs_project\src\models\saved\ncf_model.pth
2025-12-19 18:35:45,528 - src.recommender - INFO - Training complete.
2025-12-19 18:35:45,530 - src.data_loader - INFO - Loading existing data...
2025-12-19 18:35:45,538 - src.recommender - INFO - Training models...
2025-12-19 18:35:45,548 - src.data_loader - INFO - Saved processed dataset to C:\Users\abdurrahman\Desktop\rs_project\data\processed\dataset.pt
2025-12-19 18:35:46,791 - src.recommender - INFO - Model saved to C:\Users\abdurrahman\Desktop\rs_project\src\models\saved\ncf_model.pth
2025-12-19 18:35:46,791 - src.recommender - INFO - Training complete.
2025-12-19 18:35:46,792 - src.recommender - INFO - Calculating evaluation metrics...
2025-12-19 18:36:16,699 - src.data_loader - INFO - Loading existing data...
2025-12-19 18:36:16,724 - src.recommender - INFO - Training models...
2025-12-19 18:36:16,756 - src.data_loader - INFO - Saved processed dataset to C:\Users\abdurrahman\Desktop\rs_project\data\processed\dataset.pt
2025-12-19 18:36:19,688 - src.recommender - INFO - Model saved to C:\Users\abdurrahman\Desktop\rs_project\src\models\saved\ncf_model.pth
2025-12-19 18:36:19,689 - src.recommender - INFO - Training complete.
2025-12-19 18:36:19,693 - src.recommender - INFO - Generating popularity recommendations for user None
2025-12-19 18:36:24,512 - src.recommender - INFO - Generating popularity recommendations for user None
2025-12-19 18:36:37,189 - src.recommender - INFO - Calculating evaluation metrics...
2025-12-19 18:48:28,833 - src.data_loader - INFO - Starting synthetic data generation...
2025-12-19 18:48:28,911 - src.data_loader - INFO - Data generation complete.
2025-12-19 18:48:28,912 - src.data_loader - INFO - Loading existing data...
2025-12-19 18:48:30,852 - src.data_loader - INFO - Loading existing data...
2025-12-19 18:48:30,862 - src.recommender - INFO - Training models...
2025-12-19 18:48:30,878 - src.data_loader - INFO - Saved processed dataset to C:\Users\abdurrahman\Desktop\rs_project\data\processed\dataset.pt
2025-12-19 18:48:32,040 - src.recommender - INFO - Model saved to C:\Users\abdurrahman\Desktop\rs_project\src\models\saved\ncf_model.pth
2025-12-19 18:48:32,040 - src.recommender - INFO - Training complete.
2025-12-19 18:48:32,041 - src.recommender - INFO - Generating personalized recommendations for user 1
2025-12-19 18:48:32,044 - src.recommender - INFO - Generating content recommendations for user 1
2025-12-19 18:48:32,048 - src.data_loader - INFO - Loading existing data...
2025-12-19 18:48:32,055 - src.recommender - INFO - Training models...
2025-12-19 18:48:32,066 - src.data_loader - INFO - Saved processed dataset to C:\Users\abdurrahman\Desktop\rs_project\data\processed\dataset.pt
2025-12-19 18:48:33,358 - src.recommender - INFO - Model saved to C:\Users\abdurrahman\Desktop\rs_project\src\models\saved\ncf_model.pth
2025-12-19 18:48:33,359 - src.recommender - INFO - Training complete.
2025-12-19 18:48:33,362 - src.data_loader - INFO - Loading existing data...
2025-12-19 18:48:33,369 - src.recommender - INFO - Training models...
2025-12-19 18:48:33,378 - src.data_loader - INFO - Saved processed dataset to C:\Users\abdurrahman\Desktop\rs_project\data\processed\dataset.pt
2025-12-19 18:48:34,433 - src.recommender - INFO - Model saved to C:\Users\abdurrahman\Desktop\rs_project\src\models\saved\ncf_model.pth
2025-12-19 18:48:34,433 - src.recommender - INFO - Training complete.
2025-12-19 18:48:34,433 - src.recommender - INFO - Calculating evaluation metrics...
2025-12-19 18:48:34,468 - src.data_loader - INFO - Loading existing data...
2025-12-19 18:48:34,476 - src.recommender - INFO - Training models...
2025-12-19 18:48:34,484 - src.data_loader - INFO - Saved processed dataset to C:\Users\abdurrahman\Desktop\rs_project\data\processed\dataset.pt
2025-12-19 18:48:36,140 - src.recommender - INFO - Model saved to C:\Users\abdurrahman\Desktop\rs_project\src\models\saved\ncf_model.pth
2025-12-19 18:48:36,140 - src.recommender - INFO - Training complete.
2025-12-19 18:48:36,141 - src.simulation - INFO - Simulating 5 users...
2025-12-19 18:48:36,149 - src.simulation - INFO - Generated 18 interactions.
2025-12-19 18:50:26,445 - src.data_loader - INFO - Loading existing data...
2025-12-19 18:50:26,459 - src.recommender - INFO - Training models...
2025-12-19 18:50:26,473 - src.data_loader - INFO - Saved processed dataset to C:\Users\abdurrahman\Desktop\rs_project\data\processed\dataset.pt
2025-12-19 18:50:29,194 - src.recommender - INFO - Model saved to C:\Users\abdurrahman\Desktop\rs_project\src\models\saved\ncf_model.pth
2025-12-19 18:50:29,194 - src.recommender - INFO - Training complete.
2025-12-19 18:50:29,198 - src.recommender - INFO - Generating popularity recommendations for user None
2025-12-19 18:50:35,520 - src.recommender - INFO - Generating popularity recommendations for user None
2025-12-19 18:51:06,222 - src.simulation - INFO - Simulating 50 users...
2025-12-19 18:51:06,395 - src.simulation - INFO - Generated 656 interactions.
2025-12-19 18:51:09,886 - src.data_loader - INFO - Loading existing data...
2025-12-19 18:51:09,895 - src.recommender - INFO - Training models...
2025-12-19 18:51:09,910 - src.data_loader - INFO - Saved processed dataset to C:\Users\abdurrahman\Desktop\rs_project\data\processed\dataset.pt
2025-12-19 18:51:11,371 - src.recommender - INFO - Model saved to C:\Users\abdurrahman\Desktop\rs_project\src\models\saved\ncf_model.pth
2025-12-19 18:51:11,371 - src.recommender - INFO - Training complete.
2025-12-19 18:51:16,138 - src.recommender - INFO - Calculating evaluation metrics...
2025-12-19 18:51:56,587 - src.simulation - INFO - Simulating 100 users...
2025-12-19 18:51:57,124 - src.simulation - INFO - Generated 1387 interactions.
2025-12-19 18:52:02,327 - src.simulation - INFO - Simulating 100 users...
2025-12-19 18:52:02,830 - src.simulation - INFO - Generated 1320 interactions.
2025-12-19 18:52:03,842 - src.simulation - INFO - Simulating 100 users...
2025-12-19 18:52:04,308 - src.simulation - INFO - Generated 1246 interactions.
2025-12-19 18:52:05,538 - src.simulation - INFO - Simulating 100 users...
2025-12-19 18:52:05,932 - src.simulation - INFO - Generated 1216 interactions.
2025-12-19 18:52:07,234 - src.simulation - INFO - Simulating 100 users...
2025-12-19 18:52:07,669 - src.simulation - INFO - Generated 1259 interactions.
2025-12-19 18:52:09,176 - src.data_loader - INFO - Loading existing data...
2025-12-19 18:52:09,200 - src.recommender - INFO - Training models...
2025-12-19 18:52:09,227 - src.data_loader - INFO - Saved processed dataset to C:\Users\abdurrahman\Desktop\rs_project\data\processed\dataset.pt
2025-12-19 18:52:14,469 - src.recommender - INFO - Model saved to C:\Users\abdurrahman\Desktop\rs_project\src\models\saved\ncf_model.pth
2025-12-19 18:52:14,469 - src.recommender - INFO - Training complete.
2025-12-19 18:52:28,140 - src.recommender - INFO - Calculating evaluation metrics...
2025-12-19 18:52:55,064 - src.recommender - INFO - Calculating evaluation metrics...
2025-12-19 18:52:57,372 - src.recommender - INFO - Calculating evaluation metrics...
2025-12-19 18:52:58,066 - src.recommender - INFO - Calculating evaluation metrics...
2025-12-19 18:52:59,839 - src.recommender - INFO - Calculating evaluation metrics...
2025-12-19 18:53:09,957 - src.simulation - INFO - Simulating 10 users...
2025-12-19 18:53:09,986 - src.simulation - INFO - Generated 131 interactions.
2025-12-19 18:53:10,907 - src.simulation - INFO - Simulating 10 users...
2025-12-19 18:53:10,952 - src.simulation - INFO - Generated 116 interactions.
2025-12-19 18:53:11,824 - src.simulation - INFO - Simulating 10 users...
2025-12-19 18:53:11,861 - src.simulation - INFO - Generated 129 interactions.
2025-12-19 18:53:12,814 - src.simulation - INFO - Simulating 10 users...
2025-12-19 18:53:12,854 - src.simulation - INFO - Generated 84 interactions.
2025-12-19 18:53:13,680 - src.simulation - INFO - Simulating 10 users...
2025-12-19 18:53:13,722 - src.simulation - INFO - Generated 115 interactions.
2025-12-19 18:53:14,617 - src.simulation - INFO - Simulating 10 users...
2025-12-19 18:53:14,653 - src.simulation - INFO - Generated 121 interactions.
2025-12-19 18:53:15,654 - src.simulation - INFO - Simulating 10 users...
2025-12-19 18:53:15,697 - src.simulation - INFO - Generated 103 interactions.
2025-12-19 18:53:16,710 - src.simulation - INFO - Simulating 10 users...
2025-12-19 18:53:16,746 - src.simulation - INFO - Generated 137 interactions.
2025-12-19 18:53:17,728 - src.simulation - INFO - Simulating 10 users...
2025-12-19 18:53:17,767 - src.simulation - INFO - Generated 159 interactions.
2025-12-19 18:53:18,687 - src.simulation - INFO - Simulating 10 users...
2025-12-19 18:53:18,723 - src.simulation - INFO - Generated 105 interactions.
2025-12-19 18:53:21,475 - src.recommender - INFO - Calculating evaluation metrics...
2025-12-19 18:53:23,797 - src.recommender - INFO - Calculating evaluation metrics...
2025-12-19 18:53:33,212 - src.data_loader - INFO - Loading existing data...
2025-12-19 18:53:33,231 - src.recommender - INFO - Training models...
2025-12-19 18:53:33,257 - src.data_loader - INFO - Saved processed dataset to C:\Users\abdurrahman\Desktop\rs_project\data\processed\dataset.pt
2025-12-19 18:53:35,574 - src.recommender - INFO - Model saved to C:\Users\abdurrahman\Desktop\rs_project\src\models\saved\ncf_model.pth
2025-12-19 18:53:35,574 - src.recommender - INFO - Training complete.
2025-12-19 18:53:38,541 - src.recommender - INFO - Calculating evaluation metrics...
2025-12-19 18:57:46,773 - src.data_loader - INFO - Loading existing data...
2025-12-19 18:57:46,790 - src.recommender - INFO - Training models...
2025-12-19 18:57:46,808 - src.data_loader - INFO - Saved processed dataset to C:\Users\abdurrahman\Desktop\rs_project\data\processed\dataset.pt
2025-12-19 18:57:54,431 - src.recommender - INFO - Model saved to C:\Users\abdurrahman\Desktop\rs_project\src\models\saved\ncf_model.pth
2025-12-19 18:57:54,431 - src.recommender - INFO - Training complete.
2025-12-19 18:57:54,435 - src.recommender - INFO - Generating popularity recommendations for user None
2025-12-19 18:58:00,982 - src.recommender - INFO - Generating popularity recommendations for user None
2025-12-19 18:58:26,000 - src.simulation - INFO - Simulating 90 users...
2025-12-19 18:58:26,408 - src.simulation - INFO - Generated 1188 interactions.
2025-12-19 18:58:32,704 - src.simulation - INFO - Simulating 90 users...
2025-12-19 18:58:33,030 - src.simulation - INFO - Generated 1239 interactions.
2025-12-19 18:58:35,563 - src.simulation - INFO - Simulating 90 users...
2025-12-19 18:58:35,957 - src.simulation - INFO - Generated 1191 interactions.
2025-12-19 18:58:37,026 - src.simulation - INFO - Simulating 90 users...
2025-12-19 18:58:37,416 - src.simulation - INFO - Generated 1225 interactions.
2025-12-19 18:58:38,204 - src.simulation - INFO - Simulating 90 users...
2025-12-19 18:58:38,561 - src.simulation - INFO - Generated 1211 interactions.
2025-12-19 18:58:39,193 - src.simulation - INFO - Simulating 90 users...
2025-12-19 18:58:39,590 - src.simulation - INFO - Generated 1252 interactions.
2025-12-19 18:58:40,061 - src.simulation - INFO - Simulating 90 users...
2025-12-19 18:58:40,427 - src.simulation - INFO - Generated 1132 interactions.
2025-12-19 18:58:40,933 - src.simulation - INFO - Simulating 90 users...
2025-12-19 18:58:41,312 - src.simulation - INFO - Generated 1132 interactions.
2025-12-19 18:58:42,013 - src.simulation - INFO - Simulating 90 users...
2025-12-19 18:58:42,383 - src.simulation - INFO - Generated 1245 interactions.
2025-12-19 18:58:45,107 - src.simulation - INFO - Simulating 90 users...
2025-12-19 18:58:45,491 - src.simulation - INFO - Generated 1149 interactions.
2025-12-19 18:58:46,053 - src.simulation - INFO - Simulating 90 users...
2025-12-19 18:58:46,429 - src.simulation - INFO - Generated 1301 interactions.
2025-12-19 18:58:46,967 - src.simulation - INFO - Simulating 90 users...
2025-12-19 18:58:47,361 - src.simulation - INFO - Generated 1257 interactions.
2025-12-19 18:58:47,878 - src.simulation - INFO - Simulating 90 users...
2025-12-19 18:58:48,244 - src.simulation - INFO - Generated 1272 interactions.
2025-12-19 18:58:49,347 - src.data_loader - INFO - Loading existing data...
2025-12-19 18:58:49,391 - src.recommender - INFO - Training models...
2025-12-19 18:58:49,422 - src.data_loader - INFO - Saved processed dataset to C:\Users\abdurrahman\Desktop\rs_project\data\processed\dataset.pt
2025-12-19 18:59:05,253 - src.recommender - INFO - Model saved to C:\Users\abdurrahman\Desktop\rs_project\src\models\saved\ncf_model.pth
2025-12-19 18:59:05,253 - src.recommender - INFO - Training complete.
2025-12-19 18:59:27,286 - src.recommender - INFO - Calculating evaluation metrics...
2025-12-19 19:04:45,902 - src.simulation - INFO - Simulating 99 users...
2025-12-19 19:04:46,343 - src.simulation - INFO - Generated 1305 interactions.
2025-12-19 19:04:54,949 - src.recommender - INFO - Calculating evaluation metrics...
2025-12-19 19:04:59,086 - src.data_loader - INFO - Loading existing data...
2025-12-19 19:04:59,132 - src.recommender - INFO - Training models...
2025-12-19 19:04:59,158 - src.data_loader - INFO - Saved processed dataset to C:\Users\abdurrahman\Desktop\rs_project\data\processed\dataset.pt
2025-12-19 19:05:15,693 - src.recommender - INFO - Model saved to C:\Users\abdurrahman\Desktop\rs_project\src\models\saved\ncf_model.pth
2025-12-19 19:05:15,693 - src.recommender - INFO - Training complete.
2025-12-19 19:05:19,999 - src.recommender - INFO - Calculating evaluation metrics...
2025-12-19 19:06:11,465 - src.recommender - INFO - Generating popularity recommendations for user None
2025-12-19 19:06:25,217 - src.recommender - INFO - Generating popularity recommendations for user None
2025-12-19 19:10:43,757 - src.data_loader - INFO - Loading existing data...
2025-12-19 19:10:43,793 - src.recommender - INFO - Training models...
2025-12-19 19:10:43,819 - src.data_loader - INFO - Saved processed dataset to C:\Users\abdurrahman\Desktop\rs_project\data\processed\dataset.pt
2025-12-19 19:11:01,889 - src.recommender - INFO - Model saved to C:\Users\abdurrahman\Desktop\rs_project\src\models\saved\ncf_model.pth
2025-12-19 19:11:01,890 - src.recommender - INFO - Training complete.
2025-12-19 19:11:01,895 - src.recommender - INFO - Generating popularity recommendations for user None
2025-12-19 19:11:07,540 - src.recommender - INFO - Generating popularity recommendations for user None
2025-12-19 19:11:51,692 - src.simulation - INFO - Simulating 90 users...
2025-12-19 19:11:56,097 - src.simulation - INFO - Generated 24268 interactions.
2025-12-19 19:12:08,404 - src.data_loader - INFO - Loading existing data...
2025-12-19 19:12:08,438 - src.recommender - INFO - Training models...
2025-12-19 19:12:08,471 - src.data_loader - INFO - Saved processed dataset to C:\Users\abdurrahman\Desktop\rs_project\data\processed\dataset.pt
2025-12-19 19:12:22,324 - src.recommender - INFO - Model saved to C:\Users\abdurrahman\Desktop\rs_project\src\models\saved\ncf_model.pth
2025-12-19 19:12:22,324 - src.recommender - INFO - Training complete.
2025-12-19 19:12:37,462 - src.recommender - INFO - Calculating evaluation metrics...
2025-12-19 19:12:41,323 - src.recommender - INFO - Calculating evaluation metrics...
2025-12-19 19:12:42,548 - src.recommender - INFO - Calculating evaluation metrics...
2025-12-19 19:12:43,870 - src.recommender - INFO - Calculating evaluation metrics...
2025-12-19 19:13:42,910 - src.simulation - INFO - Simulating 99 users...
2025-12-19 19:13:47,725 - src.simulation - INFO - Generated 28951 interactions.
2025-12-19 19:13:55,986 - src.data_loader - INFO - Loading existing data...
2025-12-19 19:13:56,067 - src.recommender - INFO - Training models...
2025-12-19 19:13:56,094 - src.data_loader - INFO - Saved processed dataset to C:\Users\abdurrahman\Desktop\rs_project\data\processed\dataset.pt
2025-12-19 19:14:26,472 - src.recommender - INFO - Model saved to C:\Users\abdurrahman\Desktop\rs_project\src\models\saved\ncf_model.pth
2025-12-19 19:14:26,472 - src.recommender - INFO - Training complete.
2025-12-19 19:14:32,341 - src.recommender - INFO - Calculating evaluation metrics...
2025-12-19 19:18:56,842 - src.data_loader - INFO - Loading existing data...
2025-12-19 19:18:56,905 - src.recommender - INFO - Training models...
2025-12-19 19:18:56,940 - src.data_loader - INFO - Saved processed dataset to C:\Users\abdurrahman\Desktop\rs_project\data\processed\dataset.pt
2025-12-19 19:19:28,701 - src.recommender - INFO - Model saved to C:\Users\abdurrahman\Desktop\rs_project\src\models\saved\ncf_model.pth
2025-12-19 19:19:28,701 - src.recommender - INFO - Training complete.
2025-12-19 19:19:28,706 - src.recommender - INFO - Generating popularity recommendations for user None
2025-12-19 19:20:03,013 - src.recommender - INFO - Generating popularity recommendations for user None
2025-12-19 19:20:22,605 - src.recommender - INFO - Calculating evaluation metrics...
2025-12-19 19:29:18,479 - src.data_loader - INFO - Loading existing data...
2025-12-19 19:29:18,549 - src.recommender - INFO - Training models...
2025-12-19 19:29:18,577 - src.recommender - INFO - Loading saved model from C:\Users\abdurrahman\Desktop\rs_project\src\models\saved\ncf_model.pth...
2025-12-19 19:29:18,594 - src.recommender - INFO - Model loaded successfully.
2025-12-19 19:29:18,594 - src.recommender - INFO - Initialization/Training complete.
2025-12-19 19:29:18,600 - src.recommender - INFO - Generating popularity recommendations for user None
2025-12-19 19:29:22,716 - src.recommender - INFO - Generating popularity recommendations for user None
2025-12-19 19:30:02,623 - src.recommender - INFO - Resetting interaction data...
2025-12-19 19:30:02,630 - src.recommender - INFO - Data reset complete.
2025-12-19 19:30:21,325 - src.recommender - INFO - Resetting interaction data...
2025-12-19 19:30:21,328 - src.recommender - INFO - Data reset complete.
2025-12-19 19:31:03,950 - src.simulation - INFO - Simulating 100 users...
2025-12-19 19:31:08,869 - src.simulation - INFO - Generated 27641 interactions.
2025-12-19 19:31:11,840 - src.data_loader - INFO - Loading existing data...
2025-12-19 19:31:11,886 - src.recommender - INFO - Training models...
2025-12-19 19:31:11,913 - src.recommender - INFO - Loading saved model from C:\Users\abdurrahman\Desktop\rs_project\src\models\saved\ncf_model.pth...
2025-12-19 19:31:11,917 - src.recommender - INFO - Model loaded successfully.
2025-12-19 19:31:11,917 - src.recommender - INFO - Initialization/Training complete.
2025-12-19 19:31:33,838 - src.recommender - INFO - Calculating evaluation metrics...
2025-12-19 19:32:03,266 - src.simulation - INFO - Simulating 100 users...
2025-12-19 19:32:09,309 - src.simulation - INFO - Generated 28267 interactions.
2025-12-19 19:32:16,393 - src.data_loader - INFO - Loading existing data...
2025-12-19 19:32:16,538 - src.recommender - INFO - Training models...
2025-12-19 19:32:16,582 - src.recommender - INFO - Loading saved model from C:\Users\abdurrahman\Desktop\rs_project\src\models\saved\ncf_model.pth...
2025-12-19 19:32:16,585 - src.recommender - INFO - Model loaded successfully.
2025-12-19 19:32:16,585 - src.recommender - INFO - Initialization/Training complete.
2025-12-19 19:32:23,629 - src.recommender - INFO - Calculating evaluation metrics...
2025-12-19 19:33:19,178 - src.recommender - INFO - Generating personalized recommendations for user 0
2025-12-19 19:33:19,211 - src.recommender - INFO - Generating popularity recommendations for user 0
2025-12-19 19:33:19,245 - src.recommender - INFO - Generating content recommendations for user 0
2025-12-19 19:33:24,387 - src.recommender - INFO - Generating personalized recommendations for user 0
2025-12-19 19:33:24,398 - src.recommender - INFO - Logging interaction: User 0 -> Item 18 (click)
2025-12-19 19:33:24,410 - src.recommender - INFO - Interaction persisted to C:\Users\abdurrahman\Desktop\rs_project\data\raw\interactions.csv
2025-12-19 19:33:24,435 - src.recommender - INFO - Generating popularity recommendations for user 0
2025-12-19 19:33:24,464 - src.recommender - INFO - Generating content recommendations for user 0
2025-12-19 19:33:25,853 - src.recommender - INFO - Generating personalized recommendations for user 0
2025-12-19 19:33:25,863 - src.recommender - INFO - Logging interaction: User 0 -> Item 18 (order)
2025-12-19 19:33:25,875 - src.recommender - INFO - Interaction persisted to C:\Users\abdurrahman\Desktop\rs_project\data\raw\interactions.csv
2025-12-19 19:33:25,900 - src.recommender - INFO - Generating popularity recommendations for user 0
2025-12-19 19:33:25,932 - src.recommender - INFO - Generating content recommendations for user 0
2025-12-19 19:33:26,268 - src.recommender - INFO - Generating personalized recommendations for user 0
2025-12-19 19:33:26,278 - src.recommender - INFO - Logging interaction: User 0 -> Item 18 (order)
2025-12-19 19:33:26,286 - src.recommender - INFO - Interaction persisted to C:\Users\abdurrahman\Desktop\rs_project\data\raw\interactions.csv
2025-12-19 19:33:26,310 - src.recommender - INFO - Generating popularity recommendations for user 0
2025-12-19 19:33:26,337 - src.recommender - INFO - Generating content recommendations for user 0
2025-12-19 19:33:28,606 - src.recommender - INFO - Generating personalized recommendations for user 0
2025-12-19 19:33:28,638 - src.recommender - INFO - Generating popularity recommendations for user 0
2025-12-19 19:33:28,666 - src.recommender - INFO - Generating content recommendations for user 0
2025-12-19 19:33:29,088 - src.recommender - INFO - Generating personalized recommendations for user 0
2025-12-19 19:33:29,103 - src.recommender - INFO - Logging interaction: User 0 -> Item 18 (rating)
2025-12-19 19:33:29,111 - src.recommender - INFO - Interaction persisted to C:\Users\abdurrahman\Desktop\rs_project\data\raw\interactions.csv
2025-12-19 19:33:29,134 - src.recommender - INFO - Generating popularity recommendations for user 0
2025-12-19 19:33:29,167 - src.recommender - INFO - Generating content recommendations for user 0
2025-12-19 19:33:38,814 - src.recommender - INFO - Generating personalized recommendations for user 0
2025-12-19 19:33:38,847 - src.recommender - INFO - Generating popularity recommendations for user 0
2025-12-19 19:33:38,878 - src.recommender - INFO - Generating content recommendations for user 0
2025-12-19 19:42:45,337 - src.data_loader - INFO - Starting synthetic data generation...
2025-12-19 19:42:45,467 - src.data_loader - INFO - Data generation complete.
2025-12-19 19:42:45,469 - src.data_loader - INFO - Loading existing data...
2025-12-19 19:42:48,333 - src.data_loader - INFO - Loading existing data...
2025-12-19 19:42:48,345 - src.recommender - INFO - Training models...
2025-12-19 19:42:48,359 - src.recommender - INFO - Loading saved model from C:\Users\abdurrahman\Desktop\rs_project\src\models\saved\ncf_model.pth...
2025-12-19 19:42:48,367 - src.recommender - INFO - Model loaded successfully.
2025-12-19 19:42:48,368 - src.recommender - INFO - Initialization/Training complete.
2025-12-19 19:42:48,368 - src.recommender - INFO - Generating personalized recommendations for user 1
2025-12-19 19:42:48,382 - src.recommender - INFO - Generating content recommendations for user 1
2025-12-19 19:42:48,388 - src.data_loader - INFO - Loading existing data...
2025-12-19 19:42:48,397 - src.recommender - INFO - Training models...
2025-12-19 19:42:48,409 - src.recommender - INFO - Loading saved model from C:\Users\abdurrahman\Desktop\rs_project\src\models\saved\ncf_model.pth...
2025-12-19 19:42:48,415 - src.recommender - INFO - Model loaded successfully.
2025-12-19 19:42:48,415 - src.recommender - INFO - Initialization/Training complete.
2025-12-19 19:42:48,422 - src.data_loader - INFO - Loading existing data...
2025-12-19 19:42:48,432 - src.recommender - INFO - Training models...
2025-12-19 19:42:48,440 - src.recommender - INFO - Loading saved model from C:\Users\abdurrahman\Desktop\rs_project\src\models\saved\ncf_model.pth...
2025-12-19 19:42:48,446 - src.recommender - INFO - Model loaded successfully.
2025-12-19 19:42:48,447 - src.recommender - INFO - Initialization/Training complete.
2025-12-19 19:42:48,447 - src.recommender - INFO - Calculating evaluation metrics...
2025-12-19 19:42:48,490 - src.data_loader - INFO - Loading existing data...
2025-12-19 19:42:48,500 - src.recommender - INFO - Training models...
2025-12-19 19:42:48,510 - src.recommender - INFO - Loading saved model from C:\Users\abdurrahman\Desktop\rs_project\src\models\saved\ncf_model.pth...
2025-12-19 19:42:48,515 - src.recommender - INFO - Model loaded successfully.
2025-12-19 19:42:48,515 - src.recommender - INFO - Initialization/Training complete.
2025-12-19 19:42:48,517 - src.simulation - INFO - Simulating 5 users...
2025-12-19 19:42:48,525 - src.simulation - INFO - Generated 19 interactions.
2025-12-19 19:42:48,528 - src.data_loader - INFO - Loading existing data...
2025-12-19 19:42:48,539 - src.recommender - INFO - Training models...
2025-12-19 19:42:48,551 - src.recommender - INFO - Loading saved model from C:\Users\abdurrahman\Desktop\rs_project\src\models\saved\ncf_model.pth...
2025-12-19 19:42:48,555 - src.recommender - INFO - Model loaded successfully.
2025-12-19 19:42:48,556 - src.recommender - INFO - Initialization/Training complete.
2025-12-19 19:42:48,556 - src.recommender - INFO - Generating personalized recommendations for user 1
2025-12-19 19:44:02,835 - src.data_loader - INFO - Loading existing data...
2025-12-19 19:44:02,848 - src.recommender - INFO - Training models...
2025-12-19 19:44:02,859 - src.recommender - INFO - Loading saved model from C:\Users\abdurrahman\Desktop\rs_project\src\models\saved\ncf_model.pth...
2025-12-19 19:44:02,864 - src.recommender - INFO - Model loaded successfully.
2025-12-19 19:44:02,865 - src.recommender - INFO - Initialization/Training complete.
2025-12-19 19:44:02,868 - src.recommender - INFO - Generating popularity recommendations for user None
2025-12-19 19:44:06,960 - src.recommender - INFO - Generating popularity recommendations for user None
2025-12-19 19:44:15,113 - src.recommender - INFO - Resetting interaction data...
2025-12-19 19:44:15,120 - src.recommender - INFO - Data reset complete.
2025-12-19 19:44:22,322 - src.simulation - INFO - Simulating 100 users...
2025-12-19 19:44:27,385 - src.simulation - INFO - Generated 29109 interactions.
2025-12-19 19:44:31,060 - src.data_loader - INFO - Loading existing data...
2025-12-19 19:44:31,107 - src.recommender - INFO - Training models...
2025-12-19 19:44:31,131 - src.recommender - INFO - Loading saved model from C:\Users\abdurrahman\Desktop\rs_project\src\models\saved\ncf_model.pth...
2025-12-19 19:44:31,135 - src.recommender - INFO - Model loaded successfully.
2025-12-19 19:44:31,135 - src.recommender - INFO - Initialization/Training complete.
2025-12-19 19:44:35,678 - src.recommender - INFO - Calculating evaluation metrics...
2025-12-19 19:44:50,402 - src.simulation - INFO - Simulating 100 users...
2025-12-19 19:44:55,536 - src.simulation - INFO - Generated 29099 interactions.
2025-12-19 19:44:57,210 - src.data_loader - INFO - Loading existing data...
2025-12-19 19:44:57,303 - src.recommender - INFO - Training models...
2025-12-19 19:44:57,343 - src.recommender - INFO - Loading saved model from C:\Users\abdurrahman\Desktop\rs_project\src\models\saved\ncf_model.pth...
2025-12-19 19:44:57,347 - src.recommender - INFO - Model loaded successfully.
2025-12-19 19:44:57,347 - src.recommender - INFO - Initialization/Training complete.
2025-12-19 19:45:03,025 - src.recommender - INFO - Calculating evaluation metrics...
2025-12-19 19:45:26,879 - src.simulation - INFO - Simulating 100 users...
2025-12-19 19:45:31,709 - src.simulation - INFO - Generated 25948 interactions.
2025-12-19 19:45:32,746 - src.simulation - INFO - Simulating 100 users...
2025-12-19 19:45:37,767 - src.simulation - INFO - Generated 27535 interactions.
2025-12-19 19:45:39,175 - src.data_loader - INFO - Loading existing data...
2025-12-19 19:45:39,342 - src.recommender - INFO - Training models...
2025-12-19 19:45:39,404 - src.recommender - INFO - Loading saved model from C:\Users\abdurrahman\Desktop\rs_project\src\models\saved\ncf_model.pth...
2025-12-19 19:45:39,406 - src.recommender - INFO - Model loaded successfully.
2025-12-19 19:45:39,407 - src.recommender - INFO - Initialization/Training complete.
2025-12-19 19:45:45,331 - src.data_loader - INFO - Loading existing data...
2025-12-19 19:45:45,510 - src.recommender - INFO - Training models...
2025-12-19 19:45:45,570 - src.recommender - INFO - Loading saved model from C:\Users\abdurrahman\Desktop\rs_project\src\models\saved\ncf_model.pth...
2025-12-19 19:45:45,572 - src.recommender - INFO - Model loaded successfully.
2025-12-19 19:45:45,572 - src.recommender - INFO - Initialization/Training complete.
2025-12-19 19:45:46,388 - src.data_loader - INFO - Loading existing data...
2025-12-19 19:45:46,569 - src.recommender - INFO - Training models...
2025-12-19 19:45:46,630 - src.recommender - INFO - Loading saved model from C:\Users\abdurrahman\Desktop\rs_project\src\models\saved\ncf_model.pth...
2025-12-19 19:45:46,632 - src.recommender - INFO - Model loaded successfully.
2025-12-19 19:45:46,633 - src.recommender - INFO - Initialization/Training complete.
2025-12-19 19:45:49,008 - src.recommender - INFO - Calculating evaluation metrics...
2025-12-19 20:12:42,122 - src.recommender - INFO - Generating personalized recommendations for user 0
2025-12-19 20:12:42,153 - src.recommender - INFO - Generating popularity recommendations for user 0
2025-12-19 20:12:42,182 - src.recommender - INFO - Generating content recommendations for user 0
2025-12-19 20:13:07,848 - src.recommender - INFO - Generating personalized recommendations for user 0
2025-12-19 20:13:07,881 - src.recommender - INFO - Generating popularity recommendations for user 0
2025-12-19 20:13:07,909 - src.recommender - INFO - Generating content recommendations for user 0
2025-12-19 20:13:18,216 - src.recommender - INFO - Calculating evaluation metrics...
2025-12-19 20:19:51,820 - src.data_loader - INFO - Loading existing data...
2025-12-19 20:19:51,951 - src.recommender - INFO - Training models...
2025-12-19 20:19:51,998 - src.recommender - INFO - Loading saved model from C:\Users\abdurrahman\Desktop\rs_project\src\models\saved\ncf_model.pth...
2025-12-19 20:19:52,004 - src.recommender - INFO - Model loaded successfully.
2025-12-19 20:19:52,005 - src.recommender - INFO - Initialization/Training complete.
2025-12-19 20:19:52,012 - src.recommender - INFO - Generating popularity recommendations for user None
2025-12-19 20:26:14,147 - src.recommender - INFO - Generating personalized recommendations for user 1
2025-12-19 20:26:14,180 - src.recommender - INFO - Generating popularity recommendations for user 1
2025-12-19 20:26:14,221 - src.recommender - INFO - Generating content recommendations for user 1
2025-12-19 20:26:43,639 - src.recommender - INFO - Generating popularity recommendations for user None
2025-12-19 20:26:45,056 - src.recommender - INFO - Generating popularity recommendations for user None
2025-12-19 20:34:37,996 - src.recommender - INFO - Generating personalized recommendations for user 1
2025-12-19 20:34:38,029 - src.recommender - INFO - Generating popularity recommendations for user 1
2025-12-19 20:34:38,053 - src.recommender - INFO - Generating content recommendations for user 1
2025-12-19 20:34:46,086 - src.recommender - INFO - Generating personalized recommendations for user 1
2025-12-19 20:34:46,096 - src.recommender - INFO - Logging interaction: User 1 -> Item 17 (click)
2025-12-19 20:34:46,115 - src.recommender - INFO - Interaction persisted to C:\Users\abdurrahman\Desktop\rs_project\data\raw\interactions.csv
2025-12-19 20:34:46,135 - src.recommender - INFO - Generating popularity recommendations for user 1
2025-12-19 20:34:46,166 - src.recommender - INFO - Generating content recommendations for user 1
2025-12-19 20:34:48,060 - src.recommender - INFO - Generating personalized recommendations for user 1
2025-12-19 20:34:48,072 - src.recommender - INFO - Logging interaction: User 1 -> Item 17 (order)
2025-12-19 20:34:48,086 - src.recommender - INFO - Interaction persisted to C:\Users\abdurrahman\Desktop\rs_project\data\raw\interactions.csv
2025-12-19 20:34:48,108 - src.recommender - INFO - Generating popularity recommendations for user 1
2025-12-19 20:34:48,135 - src.recommender - INFO - Generating content recommendations for user 1
2025-12-19 20:34:50,116 - src.recommender - INFO - Generating personalized recommendations for user 1
2025-12-19 20:34:50,147 - src.recommender - INFO - Generating popularity recommendations for user 1
2025-12-19 20:34:50,174 - src.recommender - INFO - Generating content recommendations for user 1
2025-12-19 20:34:51,412 - src.recommender - INFO - Generating personalized recommendations for user 1
2025-12-19 20:34:51,423 - src.recommender - INFO - Logging interaction: User 1 -> Item 17 (rating)
2025-12-19 20:34:51,432 - src.recommender - INFO - Interaction persisted to C:\Users\abdurrahman\Desktop\rs_project\data\raw\interactions.csv
2025-12-19 20:34:51,452 - src.recommender - INFO - Generating popularity recommendations for user 1
2025-12-19 20:34:51,485 - src.recommender - INFO - Generating content recommendations for user 1
2025-12-19 20:35:25,081 - src.recommender - INFO - Calculating evaluation metrics...
2025-12-19 20:35:46,586 - src.simulation - INFO - Simulating 10 users...
2025-12-19 20:35:46,594 - src.simulation - INFO - Generated 22 interactions.
2025-12-19 20:35:51,448 - src.data_loader - INFO - Loading existing data...
2025-12-19 20:35:51,588 - src.recommender - INFO - Training models...
2025-12-19 20:35:51,636 - src.recommender - INFO - Loading saved model from C:\Users\abdurrahman\Desktop\rs_project\src\models\saved\ncf_model.pth...
2025-12-19 20:35:51,640 - src.recommender - INFO - Model loaded successfully.
2025-12-19 20:35:51,640 - src.recommender - INFO - Initialization/Training complete.
2025-12-19 20:35:55,496 - src.recommender - INFO - Calculating evaluation metrics...
2025-12-19 20:47:58,349 - src.data_loader - INFO - Loading existing data...
2025-12-19 20:47:58,497 - src.recommender - INFO - Training models...
2025-12-19 20:47:58,550 - src.recommender - INFO - Loading saved model from C:\Users\abdurrahman\Desktop\rs_project\src\models\saved\ncf_model.pth...
2025-12-19 20:47:58,555 - src.recommender - INFO - Model loaded successfully.
2025-12-19 20:47:58,556 - src.recommender - INFO - Initialization/Training complete.
2025-12-19 20:47:58,564 - src.recommender - INFO - Generating popularity recommendations for user None
2025-12-19 20:48:33,048 - src.recommender - INFO - Generating personalized recommendations for user 1
2025-12-19 20:48:33,091 - src.recommender - INFO - Generating popularity recommendations for user 1
2025-12-19 20:48:33,121 - src.recommender - INFO - Generating content recommendations for user 1
2025-12-19 20:48:45,516 - src.recommender - INFO - Generating personalized recommendations for user 1
2025-12-19 20:48:45,547 - src.recommender - INFO - Generating popularity recommendations for user 1
2025-12-19 20:48:45,577 - src.recommender - INFO - Generating content recommendations for user 1
2025-12-19 20:49:15,557 - src.recommender - INFO - Generating popularity recommendations for user None
2025-12-19 20:49:29,579 - src.recommender - INFO - Generating popularity recommendations for user None
2025-12-19 20:52:41,524 - src.recommender - INFO - Generating popularity recommendations for user None
2025-12-19 20:52:56,438 - src.recommender - INFO - Generating popularity recommendations for user None
2025-12-19 21:16:37,467 - src.data_loader - INFO - Loading existing data...
2025-12-19 21:16:37,618 - src.recommender - INFO - Training models...
2025-12-19 21:16:37,670 - src.recommender - INFO - Loading saved model from C:\Users\abdurrahman\Desktop\rs_project\src\models\saved\ncf_model.pth...
2025-12-19 21:16:37,675 - src.recommender - INFO - Model loaded successfully.
2025-12-19 21:16:37,675 - src.recommender - INFO - Initialization/Training complete.
2025-12-19 21:16:37,681 - src.recommender - INFO - Generating popularity recommendations for user None
2025-12-19 21:19:46,090 - src.recommender - INFO - Generating popularity recommendations for user None
2025-12-19 21:21:33,913 - src.recommender - INFO - Calculating evaluation metrics...
2025-12-19 21:27:12,509 - src.recommender - INFO - Generating popularity recommendations for user None
2025-12-19 21:27:17,964 - src.recommender - INFO - Generating popularity recommendations for user None
2025-12-19 21:27:26,284 - src.recommender - INFO - Generating popularity recommendations for user None
2025-12-19 21:27:29,612 - src.recommender - INFO - Generating popularity recommendations for user None
2025-12-19 21:27:51,579 - src.recommender - INFO - Generating personalized recommendations for user 0
2025-12-19 21:27:51,617 - src.recommender - INFO - Generating popularity recommendations for user 0
2025-12-19 21:27:51,644 - src.recommender - INFO - Generating content recommendations for user 0
2025-12-19 21:28:19,514 - src.recommender - INFO - Generating popularity recommendations for user None
2025-12-19 21:30:44,792 - src.recommender - INFO - Generating personalized recommendations for user 1
2025-12-19 21:30:44,826 - src.recommender - INFO - Generating popularity recommendations for user 1
2025-12-19 21:30:44,857 - src.recommender - INFO - Generating content recommendations for user 1
2025-12-19 21:30:51,448 - src.recommender - INFO - Generating personalized recommendations for user 1
2025-12-19 21:30:51,461 - src.recommender - INFO - Logging interaction: User 1 -> Item 17 (click)
2025-12-19 21:30:51,476 - src.recommender - INFO - Interaction persisted to C:\Users\abdurrahman\Desktop\rs_project\data\raw\interactions.csv
2025-12-19 21:30:51,498 - src.recommender - INFO - Generating popularity recommendations for user 1
2025-12-19 21:30:51,543 - src.recommender - INFO - Generating content recommendations for user 1
2025-12-19 21:30:53,189 - src.recommender - INFO - Generating personalized recommendations for user 1
2025-12-19 21:30:53,199 - src.recommender - INFO - Logging interaction: User 1 -> Item 17 (order)
2025-12-19 21:30:53,210 - src.recommender - INFO - Interaction persisted to C:\Users\abdurrahman\Desktop\rs_project\data\raw\interactions.csv
2025-12-19 21:30:53,233 - src.recommender - INFO - Generating popularity recommendations for user 1
2025-12-19 21:30:53,260 - src.recommender - INFO - Generating content recommendations for user 1
2025-12-19 21:30:58,191 - src.recommender - INFO - Generating personalized recommendations for user 1
2025-12-19 21:30:58,222 - src.recommender - INFO - Generating popularity recommendations for user 1
2025-12-19 21:30:58,252 - src.recommender - INFO - Generating content recommendations for user 1
2025-12-19 21:30:59,918 - src.recommender - INFO - Generating personalized recommendations for user 1
2025-12-19 21:30:59,933 - src.recommender - INFO - Logging interaction: User 1 -> Item 17 (rating)
2025-12-19 21:30:59,942 - src.recommender - INFO - Interaction persisted to C:\Users\abdurrahman\Desktop\rs_project\data\raw\interactions.csv
2025-12-19 21:30:59,967 - src.recommender - INFO - Generating popularity recommendations for user 1
2025-12-19 21:31:00,002 - src.recommender - INFO - Generating content recommendations for user 1
2025-12-19 21:31:29,243 - src.recommender - INFO - Generating personalized recommendations for user 1
2025-12-19 21:31:29,279 - src.recommender - INFO - Generating popularity recommendations for user 1
2025-12-19 21:31:29,308 - src.recommender - INFO - Generating content recommendations for user 1
2025-12-19 21:31:32,014 - src.recommender - INFO - Calculating evaluation metrics...
2025-12-19 21:32:07,337 - src.simulation - INFO - Simulating 50 users...
2025-12-19 21:32:07,448 - src.simulation - INFO - Generated 273 interactions.
2025-12-19 21:32:14,191 - src.data_loader - INFO - Loading existing data...
2025-12-19 21:32:14,361 - src.recommender - INFO - Training models...
2025-12-19 21:32:14,411 - src.recommender - INFO - Loading saved model from C:\Users\abdurrahman\Desktop\rs_project\src\models\saved\ncf_model.pth...
2025-12-19 21:32:14,413 - src.recommender - INFO - Model loaded successfully.
2025-12-19 21:32:14,414 - src.recommender - INFO - Initialization/Training complete.
2025-12-19 21:32:17,191 - src.recommender - INFO - Calculating evaluation metrics...
2025-12-19 21:34:20,732 - src.recommender - INFO - Generating popularity recommendations for user None
2025-12-19 21:34:49,418 - src.recommender - INFO - Generating personalized recommendations for user 1
2025-12-19 21:34:49,450 - src.recommender - INFO - Generating popularity recommendations for user 1
2025-12-19 21:34:49,477 - src.recommender - INFO - Generating content recommendations for user 1
2025-12-19 21:34:53,780 - src.recommender - INFO - Generating personalized recommendations for user 1
2025-12-19 21:34:53,792 - src.recommender - INFO - Logging interaction: User 1 -> Item 17 (click)
2025-12-19 21:34:53,805 - src.recommender - INFO - Interaction persisted to C:\Users\abdurrahman\Desktop\rs_project\data\raw\interactions.csv
2025-12-19 21:34:53,827 - src.recommender - INFO - Generating popularity recommendations for user 1
2025-12-19 21:34:53,857 - src.recommender - INFO - Generating content recommendations for user 1
2025-12-19 21:34:54,649 - src.recommender - INFO - Generating personalized recommendations for user 1
2025-12-19 21:34:54,661 - src.recommender - INFO - Logging interaction: User 1 -> Item 17 (order)
2025-12-19 21:34:54,672 - src.recommender - INFO - Interaction persisted to C:\Users\abdurrahman\Desktop\rs_project\data\raw\interactions.csv
2025-12-19 21:34:54,698 - src.recommender - INFO - Generating popularity recommendations for user 1
2025-12-19 21:34:54,730 - src.recommender - INFO - Generating content recommendations for user 1
2025-12-19 21:34:56,335 - src.recommender - INFO - Generating personalized recommendations for user 1
2025-12-19 21:34:56,348 - src.recommender - INFO - Logging interaction: User 1 -> Item 17 (rating)
2025-12-19 21:34:56,363 - src.recommender - INFO - Interaction persisted to C:\Users\abdurrahman\Desktop\rs_project\data\raw\interactions.csv
2025-12-19 21:34:56,388 - src.recommender - INFO - Generating popularity recommendations for user 1
2025-12-19 21:34:56,423 - src.recommender - INFO - Generating content recommendations for user 1
2025-12-19 21:35:06,556 - src.recommender - INFO - Generating personalized recommendations for user 1
2025-12-19 21:35:06,594 - src.recommender - INFO - Generating popularity recommendations for user 1
2025-12-19 21:35:06,633 - src.recommender - INFO - Generating content recommendations for user 1
2025-12-19 21:35:15,328 - src.recommender - INFO - Calculating evaluation metrics...
2025-12-19 21:35:31,114 - src.simulation - INFO - Simulating 50 users...
2025-12-19 21:35:31,189 - src.simulation - INFO - Generated 295 interactions.
2025-12-19 21:35:36,820 - src.data_loader - INFO - Loading existing data...
2025-12-19 21:35:36,995 - src.recommender - INFO - Training models...
2025-12-19 21:35:37,065 - src.recommender - INFO - Loading saved model from C:\Users\abdurrahman\Desktop\rs_project\src\models\saved\ncf_model.pth...
2025-12-19 21:35:37,067 - src.recommender - INFO - Model loaded successfully.
2025-12-19 21:35:37,067 - src.recommender - INFO - Initialization/Training complete.
2025-12-19 21:35:39,801 - src.recommender - INFO - Calculating evaluation metrics...
